FINDSYM, Version 4.1, May 2013
Written by Harold T. Stokes, Branton J. Campbell, and Dorian M. Hatch
Brigham Young University
 
~
Tolerance:    0.00010
Lattice parameters, a,b,c,alpha,beta,gamma:
   5.76859   5.76859   5.76859  60.00000  60.00000  60.00000
Vectors defining the unit cell (dimensionless coordinates):
   1.00000   0.00000   0.00000
   0.00000   1.00000   0.00000
   0.00000   0.00000   1.00000
Number of atoms in unit cell:
 16
Type of each atom:
1 2 7*1 7*2 
Position of each atom (dimensionless coordinates)
   1   0.00000   0.00000   0.00000
   2   0.25000   0.25000   0.25000
   3   0.00000   0.50000   0.00000
   4   0.00000   0.50000   0.50000
   5   0.50000   0.00000   0.00000
   6   0.50000   0.00000   0.50000
   7   0.50000   0.50000   0.00000
   8   0.50000   0.50000   0.50000
   9   0.00000   0.00000   0.50000
  10   0.25000   0.25000  -0.25000
  11   0.25000  -0.25000   0.25000
  12   0.25000  -0.25000  -0.25000
  13  -0.25000   0.25000   0.25000
  14  -0.25000   0.25000  -0.25000
  15  -0.25000  -0.25000   0.25000
  16  -0.25000  -0.25000  -0.25000
------------------------------------------
